<?xml version="1.0" encoding="UTF-8"?>
<testsuites>
  <testsuite name="CodeIgniter Application Test Suite" tests="4" assertions="3" failures="0" errors="1" time="0.022002">
    <testsuite name="Welcome_test" file="C:\Users\Bastian Erler\Documents\workspace\CI_testing_tut\application\tests\controllers\Welcome_test.php" tests="3" assertions="3" failures="0" errors="0" time="0.020002">
      <testcase name="test_index" class="Welcome_test" file="C:\Users\Bastian Erler\Documents\workspace\CI_testing_tut\application\tests\controllers\Welcome_test.php" line="13" assertions="1" time="0.012001"/>
      <testcase name="test_method_404" class="Welcome_test" file="C:\Users\Bastian Erler\Documents\workspace\CI_testing_tut\application\tests\controllers\Welcome_test.php" line="19" assertions="1" time="0.006000"/>
      <testcase name="test_APPPATH" class="Welcome_test" file="C:\Users\Bastian Erler\Documents\workspace\CI_testing_tut\application\tests\controllers\Welcome_test.php" line="25" assertions="1" time="0.002001"/>
    </testsuite>
    <testsuite name="Temperature_converter_test" file="C:\Users\Bastian Erler\Documents\workspace\CI_testing_tut\application\tests\libraries\Temperature_converter_test.php" tests="1" assertions="0" failures="0" errors="1" time="0.002000">
      <testcase name="test_FtoC" class="Temperature_converter_test" file="C:\Users\Bastian Erler\Documents\workspace\CI_testing_tut\application\tests\libraries\Temperature_converter_test.php" line="13" assertions="0" time="0.002000">
        <error type="PHPUnit_Framework_ExceptionWrapper">Temperature_converter_test::test_FtoC
ArgumentCountError: Too few arguments to function Temperature_converter_test::test_FtoC(), 0 passed and exactly 2 expected

C:\Users\Bastian Erler\Documents\workspace\CI_testing_tut\application\tests\libraries\Temperature_converter_test.php:13
C:\Users\Bastian Erler\Documents\workspace\CI_testing_tut\application\tests\phpunit.phar:547
</error>
      </testcase>
    </testsuite>
  </testsuite>
</testsuites>
