<?xml version="1.0" encoding="UTF-8"?>
<testsuites>
  <testsuite name="CodeIgniter Application Test Suite" tests="4" assertions="4" failures="0" errors="0" time="0.018000">
    <testsuite name="Welcome_test" file="C:\Users\Bastian Erler\Documents\workspace\CI_testing_tut\application\tests\controllers\Welcome_test.php" tests="3" assertions="3" failures="0" errors="0" time="0.015000">
      <testcase name="test_index" class="Welcome_test" file="C:\Users\Bastian Erler\Documents\workspace\CI_testing_tut\application\tests\controllers\Welcome_test.php" line="13" assertions="1" time="0.009000"/>
      <testcase name="test_method_404" class="Welcome_test" file="C:\Users\Bastian Erler\Documents\workspace\CI_testing_tut\application\tests\controllers\Welcome_test.php" line="19" assertions="1" time="0.005000"/>
      <testcase name="test_APPPATH" class="Welcome_test" file="C:\Users\Bastian Erler\Documents\workspace\CI_testing_tut\application\tests\controllers\Welcome_test.php" line="25" assertions="1" time="0.001000"/>
    </testsuite>
    <testsuite name="Temperatur_converter_test" file="C:\Users\Bastian Erler\Documents\workspace\CI_testing_tut\application\tests\libraries\Temperatur_converter_test.php" tests="1" assertions="1" failures="0" errors="0" time="0.003000">
      <testcase name="test_FtoC" class="Temperatur_converter_test" file="C:\Users\Bastian Erler\Documents\workspace\CI_testing_tut\application\tests\libraries\Temperatur_converter_test.php" line="10" assertions="1" time="0.003000"/>
    </testsuite>
  </testsuite>
</testsuites>
